<?xml version="1.0" encoding="UTF-8"?>
<!-- Generated by org.testng.reporters.JUnitXMLReporter -->
<testsuite ignored="0" hostname="30531MOZDTI555L" failures="1" tests="1" name="Test" time="14.001" errors="0" timestamp="2023-03-21T08:23:23 SAST">
  <testcase classname="com.guru99.tests.LoginTests" name="userLoginWithCorrectCredentials" time="4.631">
    <failure type="junit.framework.ComparisonFailure" message="expected:&amp;lt;... ...&amp;gt; but was:&amp;lt;......&amp;gt;">
      <![CDATA[junit.framework.ComparisonFailure: expected:<... ...> but was:<......>
at junit.framework.Assert.assertEquals(Assert.java:81)
at junit.framework.Assert.assertEquals(Assert.java:87)
at com.guru99.tests.LoginTests.userLoginWithCorrectCredentials(LoginTests.java:20)
at java.base/java.util.ArrayList.forEach(ArrayList.java:1511)
... Removed 27 stack frames]]>
    </failure>
  </testcase> <!-- userLoginWithCorrectCredentials -->
</testsuite> <!-- Test -->
